seed,55510
cribbage.HumanPlayer,P0
cribbage.HumanPlayer,P1
deal,P0,[2C,2H,7C,QC,QD,KH]
deal,P1,[AD,AH,TD,JS,QH,KC]
discard,P0,[2C,7C]
discard,P1,[AH,TD]
starter,JH
score,P1,2,2,starter,[JH]
play,P0,2,2H
play,P1,3,AD
play,P0,13,QC
play,P1,23,QH
score,P1,4,2,pair
score,P1,5,1,go
play,P0,10,QD
play,P1,20,KC
play,P0,30,KH
score,P0,2,2,pair
score,P0,3,1,go
play,P1,10,JS
score,P1,6,1,go
show,P0,JH+[2H,QC,QD,KH]
score,P0,6,3,run3,[JH,QC,KH]
score,P0,9,3,run3,[JH,QD,KH]
score,P0,11,2,pair2,[QC,QD]
show,P1,JH+[AD,JS,QH,KC]
score,P1,10,4,run4,[AD,JH,QH,KC]
score,P1,14,4,run4,[AD,JS,QH,KC]
score,P1,16,2,pair2,[JH,JS]
show,P1,JH+[AH,2C,7C,TD]
